{
  "stats": {
    "suites": 15,
    "tests": 49,
    "passes": 48,
    "pending": 0,
    "failures": 1,
    "start": "2023-04-25T12:06:05.100Z",
    "end": "2023-04-25T12:07:10.969Z",
    "duration": 65869,
    "testsRegistered": 49,
    "passPercent": 97.95918367346938,
    "pendingPercent": 0,
    "other": 0,
    "hasOther": false,
    "skipped": 0,
    "hasSkipped": false
  },
  "results": [
    {
      "uuid": "d77447cf-281b-420d-9a00-f8732332b946",
      "title": "",
      "fullFile": "cypress/integration/project.spec.js",
      "file": "cypress/integration/project.spec.js",
      "beforeHooks": [],
      "afterHooks": [],
      "tests": [],
      "suites": [
        {
          "uuid": "8eccea49-971a-41dc-934b-7555889a6266",
          "title": "1 - Adicione à página o título \"Paleta de Cores\"",
          "fullFile": "",
          "file": "",
          "beforeHooks": [],
          "afterHooks": [],
          "tests": [
            {
              "title": "Verifica se contém um elemento `h1` com o id `title` com o título correto",
              "fullTitle": "1 - Adicione à página o título \"Paleta de Cores\" Verifica se contém um elemento `h1` com o id `title` com o título correto",
              "timedOut": null,
              "duration": 891,
              "state": "passed",
              "speed": "slow",
              "pass": true,
              "fail": false,
              "pending": false,
              "context": null,
              "code": "cy.get('h1#title').should('contain.text', 'Paleta de Cores');",
              "err": {},
              "uuid": "2bc994bb-6b7d-46f9-9bca-a12083c9d17c",
              "parentUUID": "8eccea49-971a-41dc-934b-7555889a6266",
              "isHook": false,
              "skipped": false
            }
          ],
          "suites": [],
          "passes": [
            "2bc994bb-6b7d-46f9-9bca-a12083c9d17c"
          ],
          "failures": [],
          "pending": [],
          "skipped": [],
          "duration": 891,
          "root": false,
          "rootEmpty": false,
          "_timeout": 2000
        },
        {
          "uuid": "62d6c80a-4c8f-4729-8750-239da2119a4b",
          "title": "2 - Adicione à página uma paleta contendo quatro cores distintas",
          "fullFile": "",
          "file": "",
          "beforeHooks": [],
          "afterHooks": [],
          "tests": [
            {
              "title": "A paleta de cores deve ser um elemento com `id` denominado `color-palette` e ter mais de 0px de altura e de largura.",
              "fullTitle": "2 - Adicione à página uma paleta contendo quatro cores distintas A paleta de cores deve ser um elemento com `id` denominado `color-palette` e ter mais de 0px de altura e de largura.",
              "timedOut": null,
              "duration": 593,
              "state": "passed",
              "speed": "slow",
              "pass": true,
              "fail": false,
              "pending": false,
              "context": null,
              "code": "cy.get('#color-palette').should('be.visible');\ncy.get('#color-palette').children('.color');",
              "err": {},
              "uuid": "154ec41b-494b-402d-9f12-f165accbef21",
              "parentUUID": "62d6c80a-4c8f-4729-8750-239da2119a4b",
              "isHook": false,
              "skipped": false
            },
            {
              "title": "Verifica se cada cor individual da paleta de cores possui a `classe` chamada `color`.",
              "fullTitle": "2 - Adicione à página uma paleta contendo quatro cores distintas Verifica se cada cor individual da paleta de cores possui a `classe` chamada `color`.",
              "timedOut": null,
              "duration": 579,
              "state": "passed",
              "speed": "slow",
              "pass": true,
              "fail": false,
              "pending": false,
              "context": null,
              "code": "cy.get('.color').should('have.length', 4).then(function (colors) {\n  for (var i = 0; i < colors.length; i++) {\n    cy.wrap(colors[i]).should('be.visible');\n  }\n});",
              "err": {},
              "uuid": "a177dace-be2c-48e4-abc9-5af781bd539d",
              "parentUUID": "62d6c80a-4c8f-4729-8750-239da2119a4b",
              "isHook": false,
              "skipped": false
            },
            {
              "title": "Verifica se a cor de fundo de cada elemento da paleta é a cor que o elemento representa. **A única cor não permitida na paleta é a cor branca.**",
              "fullTitle": "2 - Adicione à página uma paleta contendo quatro cores distintas Verifica se a cor de fundo de cada elemento da paleta é a cor que o elemento representa. **A única cor não permitida na paleta é a cor branca.**",
              "timedOut": null,
              "duration": 565,
              "state": "passed",
              "speed": "slow",
              "pass": true,
              "fail": false,
              "pending": false,
              "context": null,
              "code": "cy.get('.color').each(function (color) {\n  cy.wrap(color).should('have.class', 'color').and('not.have.css', 'background-color', WHITE);\n  cy.wrap(color).should('have.css', 'background-color');\n});",
              "err": {},
              "uuid": "3726505f-45bb-4714-a695-0f092364e677",
              "parentUUID": "62d6c80a-4c8f-4729-8750-239da2119a4b",
              "isHook": false,
              "skipped": false
            },
            {
              "title": "Verifica se cada elemento da paleta de cores tem uma borda preta, sólida e com 1 pixel de largura;",
              "fullTitle": "2 - Adicione à página uma paleta contendo quatro cores distintas Verifica se cada elemento da paleta de cores tem uma borda preta, sólida e com 1 pixel de largura;",
              "timedOut": null,
              "duration": 414,
              "state": "passed",
              "speed": "slow",
              "pass": true,
              "fail": false,
              "pending": false,
              "context": null,
              "code": "cy.get('.color').each(function (color) {\n  expect(getBorderSize(color[0])).to.be.closeTo(1, 0.5);\n  cy.wrap(color).and('have.css', 'border-color', BLACK).and('have.class', 'color');\n});",
              "err": {},
              "uuid": "469c9782-6746-4130-8201-e08a58a1a798",
              "parentUUID": "62d6c80a-4c8f-4729-8750-239da2119a4b",
              "isHook": false,
              "skipped": false
            },
            {
              "title": "Verifica se a paleta lista todas as cores disponíveis para utilização, lado a lado.",
              "fullTitle": "2 - Adicione à página uma paleta contendo quatro cores distintas Verifica se a paleta lista todas as cores disponíveis para utilização, lado a lado.",
              "timedOut": null,
              "duration": 426,
              "state": "passed",
              "speed": "slow",
              "pass": true,
              "fail": false,
              "pending": false,
              "context": null,
              "code": "cy.get('.color').then(function (colors) {\n  for (var index = 1; index < colors.length; index += 1) {\n    var currentColor = colors[index];\n    var previousColor = colors[index - 1];\n    cy.wrap(currentColor).should('be.onTheRightOf', previousColor).and('be.horizontallyAlignedWith', previousColor);\n  }\n});",
              "err": {},
              "uuid": "b7443a4a-f5ff-44e5-aeb1-c28d8835ef81",
              "parentUUID": "62d6c80a-4c8f-4729-8750-239da2119a4b",
              "isHook": false,
              "skipped": false
            },
            {
              "title": "Verifica se a paleta de cores está posicionada abaixo do título 'Paleta de Cores'",
              "fullTitle": "2 - Adicione à página uma paleta contendo quatro cores distintas Verifica se a paleta de cores está posicionada abaixo do título 'Paleta de Cores'",
              "timedOut": null,
              "duration": 427,
              "state": "passed",
              "speed": "slow",
              "pass": true,
              "fail": false,
              "pending": false,
              "context": null,
              "code": "cy.get('h1#title').then(function (title) {\n  cy.get('#color-palette').should('be.belowOf', title);\n});",
              "err": {},
              "uuid": "f2714cda-c389-4092-b7af-06f40f3ebe31",
              "parentUUID": "62d6c80a-4c8f-4729-8750-239da2119a4b",
              "isHook": false,
              "skipped": false
            },
            {
              "title": "Verifica se a paleta de cores não contém cores repetidas.",
              "fullTitle": "2 - Adicione à página uma paleta contendo quatro cores distintas Verifica se a paleta de cores não contém cores repetidas.",
              "timedOut": null,
              "duration": 437,
              "state": "passed",
              "speed": "slow",
              "pass": true,
              "fail": false,
              "pending": false,
              "context": null,
              "code": "cy.get('.color').then(function (colors) {\n  var allColors = Array.from(colors).map(function (color) {\n    return Cypress.$(color).css('background-color');\n  });\n  cy.log(allColors);\n  var uniqColors = (0, _toConsumableArray2[\"default\"])(new Set(allColors));\n  cy.log(uniqColors);\n  expect(allColors.length).to.eq(uniqColors.length);\n});",
              "err": {},
              "uuid": "afd1146b-69e6-4029-8b1a-84af81cf4bc6",
              "parentUUID": "62d6c80a-4c8f-4729-8750-239da2119a4b",
              "isHook": false,
              "skipped": false
            }
          ],
          "suites": [],
          "passes": [
            "154ec41b-494b-402d-9f12-f165accbef21",
            "a177dace-be2c-48e4-abc9-5af781bd539d",
            "3726505f-45bb-4714-a695-0f092364e677",
            "469c9782-6746-4130-8201-e08a58a1a798",
            "b7443a4a-f5ff-44e5-aeb1-c28d8835ef81",
            "f2714cda-c389-4092-b7af-06f40f3ebe31",
            "afd1146b-69e6-4029-8b1a-84af81cf4bc6"
          ],
          "failures": [],
          "pending": [],
          "skipped": [],
          "duration": 3441,
          "root": false,
          "rootEmpty": false,
          "_timeout": 2000
        },
        {
          "uuid": "6dc46481-aea8-47d8-b1d9-562457ab2e2e",
          "title": "3 - Adicione a cor **preta** como a primeira cor da paleta de cores",
          "fullFile": "",
          "file": "",
          "beforeHooks": [],
          "afterHooks": [],
          "tests": [
            {
              "title": "Verifica se a primeira cor da paleta é preta",
              "fullTitle": "3 - Adicione a cor **preta** como a primeira cor da paleta de cores Verifica se a primeira cor da paleta é preta",
              "timedOut": null,
              "duration": 387,
              "state": "passed",
              "speed": "slow",
              "pass": true,
              "fail": false,
              "pending": false,
              "context": null,
              "code": "cy.get('.color').first().should('have.css', 'background-color', BLACK);",
              "err": {},
              "uuid": "49143e5d-3029-4702-b999-42863b707ca0",
              "parentUUID": "6dc46481-aea8-47d8-b1d9-562457ab2e2e",
              "isHook": false,
              "skipped": false
            },
            {
              "title": "Verifica se as demais cores podem ser escolhidas livremente.",
              "fullTitle": "3 - Adicione a cor **preta** como a primeira cor da paleta de cores Verifica se as demais cores podem ser escolhidas livremente.",
              "timedOut": null,
              "duration": 887,
              "state": "passed",
              "speed": "slow",
              "pass": true,
              "fail": false,
              "pending": false,
              "context": null,
              "code": "cy.get('.color').eq(1).should('not.have.css', 'background-color', BLACK);\ncy.get('.color').eq(1).should('not.have.css', 'background-color', WHITE);\ncy.get('.color').eq(1).should('not.have.css', 'background-color', 'rgba(0, 0, 0, 0)');\ncy.get('.color').eq(1).should('have.css', 'background-color');\ncy.get('.color').eq(2).should('not.have.css', 'background-color', BLACK);\ncy.get('.color').eq(2).should('not.have.css', 'background-color', WHITE);\ncy.get('.color').eq(2).should('not.have.css', 'background-color', 'rgba(0, 0, 0, 0)');\ncy.get('.color').eq(2).should('have.css', 'background-color');\ncy.get('.color').eq(3).should('not.have.css', 'background-color', BLACK);\ncy.get('.color').eq(3).should('not.have.css', 'background-color', WHITE);\ncy.get('.color').eq(3).should('not.have.css', 'background-color', 'rgba(0, 0, 0, 0)');\ncy.get('.color').eq(3).should('have.css', 'background-color');",
              "err": {},
              "uuid": "24b6c366-0e71-47a9-b275-1a3ac09c1e2e",
              "parentUUID": "6dc46481-aea8-47d8-b1d9-562457ab2e2e",
              "isHook": false,
              "skipped": false
            }
          ],
          "suites": [],
          "passes": [
            "49143e5d-3029-4702-b999-42863b707ca0",
            "24b6c366-0e71-47a9-b275-1a3ac09c1e2e"
          ],
          "failures": [],
          "pending": [],
          "skipped": [],
          "duration": 1274,
          "root": false,
          "rootEmpty": false,
          "_timeout": 2000
        },
        {
          "uuid": "440acc34-9108-4a3d-9a70-76e6831b7e7c",
          "title": "4 - Adicione um botão para gerar cores aleatórias para a paleta de cores",
          "fullFile": "",
          "file": "",
          "beforeHooks": [],
          "afterHooks": [],
          "tests": [
            {
              "title": "O botão deve possuir o `id` denominado `button-random-color`",
              "fullTitle": "4 - Adicione um botão para gerar cores aleatórias para a paleta de cores O botão deve possuir o `id` denominado `button-random-color`",
              "timedOut": null,
              "duration": 472,
              "state": "passed",
              "speed": "slow",
              "pass": true,
              "fail": false,
              "pending": false,
              "context": null,
              "code": "cy.get('#button-random-color').should('be.visible');",
              "err": {},
              "uuid": "83360fa3-7d9e-4e2e-ad26-9db073fa79eb",
              "parentUUID": "440acc34-9108-4a3d-9a70-76e6831b7e7c",
              "isHook": false,
              "skipped": false
            },
            {
              "title": "O botão deve possuir o texto `Cores aleatórias`",
              "fullTitle": "4 - Adicione um botão para gerar cores aleatórias para a paleta de cores O botão deve possuir o texto `Cores aleatórias`",
              "timedOut": null,
              "duration": 191,
              "state": "passed",
              "speed": "slow",
              "pass": true,
              "fail": false,
              "pending": false,
              "context": null,
              "code": "cy.get('#button-random-color').contains('Cores aleatórias');",
              "err": {},
              "uuid": "ced8bfae-dd66-4175-aa6d-19c5db05accc",
              "parentUUID": "440acc34-9108-4a3d-9a70-76e6831b7e7c",
              "isHook": false,
              "skipped": false
            },
            {
              "title": "As cores geradas na paleta são diferentes a cada click do botão.",
              "fullTitle": "4 - Adicione um botão para gerar cores aleatórias para a paleta de cores As cores geradas na paleta são diferentes a cada click do botão.",
              "timedOut": null,
              "duration": 1042,
              "state": "passed",
              "speed": "slow",
              "pass": true,
              "fail": false,
              "pending": false,
              "context": null,
              "code": "cy.get('.color').then(function (colors) {\n  var currentColors;\n  var previousColors;\n  previousColors = Array.from(colors).map(function (color) {\n    return Cypress.$(color).css('background-color');\n  });\n  for (var i = 0; i < 5; i += 1) {\n    cy.get('#button-random-color').click();\n    cy.get('.color').then(function (colors) {\n      currentColors = Array.from(colors).map(function (color) {\n        return Cypress.$(color).css('background-color');\n      });\n      expect(currentColors).not.to.deep.equal(previousColors);\n      previousColors = currentColors;\n    });\n  }\n});",
              "err": {},
              "uuid": "9e04b100-81ed-45b2-b8f8-fd8299d28d19",
              "parentUUID": "440acc34-9108-4a3d-9a70-76e6831b7e7c",
              "isHook": false,
              "skipped": false
            },
            {
              "title": "A cor preta deve ser a primeira na sua paleta de cores",
              "fullTitle": "4 - Adicione um botão para gerar cores aleatórias para a paleta de cores A cor preta deve ser a primeira na sua paleta de cores",
              "timedOut": null,
              "duration": 835,
              "state": "passed",
              "speed": "slow",
              "pass": true,
              "fail": false,
              "pending": false,
              "context": null,
              "code": "cy.get('.color').then(function (colors) {\n  var currentColors;\n  var previousColors;\n  previousColors = Array.from(colors).map(function (color) {\n    return Cypress.$(color).css('background-color');\n  });\n  expect(previousColors[0]).to.eq(BLACK);\n  for (var i = 0; i < 5; i += 1) {\n    cy.get('#button-random-color').click();\n    cy.get('.color').then(function (colors) {\n      currentColors = Array.from(colors).map(function (color) {\n        return Cypress.$(color).css('background-color');\n      });\n      expect(currentColors[0]).to.eq(BLACK);\n      expect(currentColors).not.to.deep.equal(previousColors);\n      previousColors = currentColors;\n    });\n  }\n});",
              "err": {},
              "uuid": "ac8ac967-6c30-4be0-a162-529ed737ef01",
              "parentUUID": "440acc34-9108-4a3d-9a70-76e6831b7e7c",
              "isHook": false,
              "skipped": false
            }
          ],
          "suites": [],
          "passes": [
            "83360fa3-7d9e-4e2e-ad26-9db073fa79eb",
            "ced8bfae-dd66-4175-aa6d-19c5db05accc",
            "9e04b100-81ed-45b2-b8f8-fd8299d28d19",
            "ac8ac967-6c30-4be0-a162-529ed737ef01"
          ],
          "failures": [],
          "pending": [],
          "skipped": [],
          "duration": 2540,
          "root": false,
          "rootEmpty": false,
          "_timeout": 2000
        },
        {
          "uuid": "a1e507ec-ebec-4dbe-b503-d9f3be4179f2",
          "title": "5 - Implemente uma função usando localStorage para que a paleta de cores gerada aleatoriamente seja mantida após recarregar a página",
          "fullFile": "",
          "file": "",
          "beforeHooks": [],
          "afterHooks": [],
          "tests": [
            {
              "title": "A paleta gerada deve ser salva no localStorage com a chave `colorPalette`",
              "fullTitle": "5 - Implemente uma função usando localStorage para que a paleta de cores gerada aleatoriamente seja mantida após recarregar a página A paleta gerada deve ser salva no localStorage com a chave `colorPalette`",
              "timedOut": null,
              "duration": 413,
              "state": "passed",
              "speed": "slow",
              "pass": true,
              "fail": false,
              "pending": false,
              "context": null,
              "code": "cy.get('#button-random-color').click().should(function () {\n  expect(localStorage.getItem('colorPalette')).to.not.equal(null);\n});",
              "err": {},
              "uuid": "c4b9dfc4-e140-4412-a487-581035d30330",
              "parentUUID": "a1e507ec-ebec-4dbe-b503-d9f3be4179f2",
              "isHook": false,
              "skipped": false
            },
            {
              "title": "A paleta gerada deve ser mantida ao recarregar a página",
              "fullTitle": "5 - Implemente uma função usando localStorage para que a paleta de cores gerada aleatoriamente seja mantida após recarregar a página A paleta gerada deve ser mantida ao recarregar a página",
              "timedOut": null,
              "duration": 679,
              "state": "passed",
              "speed": "slow",
              "pass": true,
              "fail": false,
              "pending": false,
              "context": null,
              "code": "cy.get('#button-random-color').click();\ncy.get('.color').then(function (colors) {\n  var currentColors;\n  var previousColors;\n  previousColors = Array.from(colors).map(function (color) {\n    return Cypress.$(color).css('background-color');\n  });\n  cy.reload();\n  cy.get('.color').then(function (colorsAfter) {\n    currentColors = Array.from(colorsAfter).map(function (colorAfter) {\n      return Cypress.$(colorAfter).css('background-color');\n    });\n    expect(currentColors).to.deep.equal(previousColors);\n  });\n});",
              "err": {},
              "uuid": "71e5eb72-4599-4cb7-82e7-b62dad955026",
              "parentUUID": "a1e507ec-ebec-4dbe-b503-d9f3be4179f2",
              "isHook": false,
              "skipped": false
            }
          ],
          "suites": [],
          "passes": [
            "c4b9dfc4-e140-4412-a487-581035d30330",
            "71e5eb72-4599-4cb7-82e7-b62dad955026"
          ],
          "failures": [],
          "pending": [],
          "skipped": [],
          "duration": 1092,
          "root": false,
          "rootEmpty": false,
          "_timeout": 2000
        },
        {
          "uuid": "34884634-be49-449b-bb98-663e1b618071",
          "title": "6 - Adicione à página um quadro contendo 25 pixels",
          "fullFile": "",
          "file": "",
          "beforeHooks": [],
          "afterHooks": [],
          "tests": [
            {
              "title": "Verifica se o quadro de pixels possui o `id` denominado `pixel-board`",
              "fullTitle": "6 - Adicione à página um quadro contendo 25 pixels Verifica se o quadro de pixels possui o `id` denominado `pixel-board`",
              "timedOut": null,
              "duration": 328,
              "state": "passed",
              "speed": "slow",
              "pass": true,
              "fail": false,
              "pending": false,
              "context": null,
              "code": "cy.get('#pixel-board').should('be.visible');",
              "err": {},
              "uuid": "9a2e01fd-efdb-4cc5-9eec-5fdce03edeae",
              "parentUUID": "34884634-be49-449b-bb98-663e1b618071",
              "isHook": false,
              "skipped": false
            },
            {
              "title": "Verifica se cada pixel individual dentro do quadro possui a `classe` denominada `pixel`.",
              "fullTitle": "6 - Adicione à página um quadro contendo 25 pixels Verifica se cada pixel individual dentro do quadro possui a `classe` denominada `pixel`.",
              "timedOut": null,
              "duration": 555,
              "state": "passed",
              "speed": "slow",
              "pass": true,
              "fail": false,
              "pending": false,
              "context": null,
              "code": "cy.get('.pixel').should('have.length', 25);",
              "err": {},
              "uuid": "642d5ea5-b49b-4999-b9f3-ca0d7fad71e4",
              "parentUUID": "34884634-be49-449b-bb98-663e1b618071",
              "isHook": false,
              "skipped": false
            },
            {
              "title": "Verifica se a cor inicial dos pixels dentro do quadro, ao abrir a página, é branca.",
              "fullTitle": "6 - Adicione à página um quadro contendo 25 pixels Verifica se a cor inicial dos pixels dentro do quadro, ao abrir a página, é branca.",
              "timedOut": null,
              "duration": 522,
              "state": "passed",
              "speed": "slow",
              "pass": true,
              "fail": false,
              "pending": false,
              "context": null,
              "code": "cy.get('.pixel').should('have.length', 25).each(function (pixel) {\n  expect(pixel).to.have.css('background-color', WHITE);\n});",
              "err": {},
              "uuid": "42bf09e4-e216-43f4-b14f-b0e6ed457be0",
              "parentUUID": "34884634-be49-449b-bb98-663e1b618071",
              "isHook": false,
              "skipped": false
            },
            {
              "title": "Verifica se o quadro de pixels aparece abaixo da paleta de cores",
              "fullTitle": "6 - Adicione à página um quadro contendo 25 pixels Verifica se o quadro de pixels aparece abaixo da paleta de cores",
              "timedOut": null,
              "duration": 249,
              "state": "passed",
              "speed": "slow",
              "pass": true,
              "fail": false,
              "pending": false,
              "context": null,
              "code": "cy.get('#color-palette').then(function (palette) {\n  cy.get('#pixel-board').should('be.belowOf', palette);\n});",
              "err": {},
              "uuid": "dedd797a-f77b-4908-a2a7-9fcf7e227bf1",
              "parentUUID": "34884634-be49-449b-bb98-663e1b618071",
              "isHook": false,
              "skipped": false
            }
          ],
          "suites": [],
          "passes": [
            "9a2e01fd-efdb-4cc5-9eec-5fdce03edeae",
            "642d5ea5-b49b-4999-b9f3-ca0d7fad71e4",
            "42bf09e4-e216-43f4-b14f-b0e6ed457be0",
            "dedd797a-f77b-4908-a2a7-9fcf7e227bf1"
          ],
          "failures": [],
          "pending": [],
          "skipped": [],
          "duration": 1654,
          "root": false,
          "rootEmpty": false,
          "_timeout": 2000
        },
        {
          "uuid": "1c410878-aa83-4bfa-ad4b-998720e9446a",
          "title": "7 - Faça com que cada elemento do quadro de pixels possua 40 pixels de largura, 40 pixels de altura e seja delimitado por uma borda preta de 1 pixel",
          "fullFile": "",
          "file": "",
          "beforeHooks": [],
          "afterHooks": [],
          "tests": [
            {
              "title": "Verifica se o quadro de pixels tem altura e comprimento de 5 elementos",
              "fullTitle": "7 - Faça com que cada elemento do quadro de pixels possua 40 pixels de largura, 40 pixels de altura e seja delimitado por uma borda preta de 1 pixel Verifica se o quadro de pixels tem altura e comprimento de 5 elementos",
              "timedOut": null,
              "duration": 759,
              "state": "passed",
              "speed": "slow",
              "pass": true,
              "fail": false,
              "pending": false,
              "context": null,
              "code": "cy.get('.pixel').should('have.length', 25).each(function (pixel) {\n  expect(pixel).to.have.css('background-color', WHITE);\n}).and(function (pixels) {\n  var rows = chunk(pixels, 5);\n  rows.forEach(function (row) {\n    for (var index = 1; index < row.length; index += 1) {\n      var current = pixels[index];\n      var previous = pixels[index - 1];\n      cy.wrap(current).should('be.onTheRightOf', previous).and('be.horizontallyAlignedWith', previous);\n    }\n  });\n  for (var index = 1; index < 5; index += 1) {\n    expect(pixels[index * 5]).to.be.belowOf(pixels[(index - 1) * 5]);\n  }\n});",
              "err": {},
              "uuid": "a21055cc-ca9f-4b33-9d44-6e955af5b7ad",
              "parentUUID": "1c410878-aa83-4bfa-ad4b-998720e9446a",
              "isHook": false,
              "skipped": false
            },
            {
              "title": "Verifica se 40 pixels é o tamanho total do elemento, incluindo seu conteúdo e excluindo a borda preta, que deve ser criada à parte.",
              "fullTitle": "7 - Faça com que cada elemento do quadro de pixels possua 40 pixels de largura, 40 pixels de altura e seja delimitado por uma borda preta de 1 pixel Verifica se 40 pixels é o tamanho total do elemento, incluindo seu conteúdo e excluindo a borda preta, que deve ser criada à parte.",
              "timedOut": null,
              "duration": 1057,
              "state": "passed",
              "speed": "slow",
              "pass": true,
              "fail": false,
              "pending": false,
              "context": null,
              "code": "cy.get('.pixel').each(function (pixel) {\n  expect(getBorderSize(pixel[0])).to.be.closeTo(1, 0.5);\n  expect(getWidth(pixel[0])).to.be.closeTo(40, 0.5);\n  expect(getHeight(pixel[0])).to.be.closeTo(40, 0.5);\n  cy.wrap(pixel).and('have.css', 'border-color', BLACK);\n});",
              "err": {},
              "uuid": "802d3052-0af8-483d-967d-04c216202fb6",
              "parentUUID": "1c410878-aa83-4bfa-ad4b-998720e9446a",
              "isHook": false,
              "skipped": false
            }
          ],
          "suites": [],
          "passes": [
            "a21055cc-ca9f-4b33-9d44-6e955af5b7ad",
            "802d3052-0af8-483d-967d-04c216202fb6"
          ],
          "failures": [],
          "pending": [],
          "skipped": [],
          "duration": 1816,
          "root": false,
          "rootEmpty": false,
          "_timeout": 2000
        },
        {
          "uuid": "1a714d64-edd0-4fb2-87a0-e05061d835a9",
          "title": "8 - Defina a cor preta como cor inicial da paleta de cores. Ao carregar a página a cor preta já deve estar selecionada para pintar os pixels",
          "fullFile": "",
          "file": "",
          "beforeHooks": [],
          "afterHooks": [],
          "tests": [
            {
              "title": "Verifica se o elemento da cor preta possui, inicialmente, a `classe` `selected`",
              "fullTitle": "8 - Defina a cor preta como cor inicial da paleta de cores. Ao carregar a página a cor preta já deve estar selecionada para pintar os pixels Verifica se o elemento da cor preta possui, inicialmente, a `classe` `selected`",
              "timedOut": null,
              "duration": 230,
              "state": "passed",
              "speed": "slow",
              "pass": true,
              "fail": false,
              "pending": false,
              "context": null,
              "code": "cy.get('.selected').first().should('have.css', 'background-color', BLACK);",
              "err": {},
              "uuid": "e3fd3f21-6adf-4c85-80c7-98a14aab5c33",
              "parentUUID": "1a714d64-edd0-4fb2-87a0-e05061d835a9",
              "isHook": false,
              "skipped": false
            },
            {
              "title": "Verifica se nenhuma outra cor da paleta tem a `classe` `selected`",
              "fullTitle": "8 - Defina a cor preta como cor inicial da paleta de cores. Ao carregar a página a cor preta já deve estar selecionada para pintar os pixels Verifica se nenhuma outra cor da paleta tem a `classe` `selected`",
              "timedOut": null,
              "duration": 422,
              "state": "passed",
              "speed": "slow",
              "pass": true,
              "fail": false,
              "pending": false,
              "context": null,
              "code": "cy.get('.color:not(:first-of-type)').each(function (color) {\n  cy.wrap(color).should('not.have.class', 'selected');\n});",
              "err": {},
              "uuid": "68b71af3-f380-4ceb-9bb7-b38aa8e1558b",
              "parentUUID": "1a714d64-edd0-4fb2-87a0-e05061d835a9",
              "isHook": false,
              "skipped": false
            }
          ],
          "suites": [],
          "passes": [
            "e3fd3f21-6adf-4c85-80c7-98a14aab5c33",
            "68b71af3-f380-4ceb-9bb7-b38aa8e1558b"
          ],
          "failures": [],
          "pending": [],
          "skipped": [],
          "duration": 652,
          "root": false,
          "rootEmpty": false,
          "_timeout": 2000
        },
        {
          "uuid": "306fd4c2-2ab2-440c-b820-0406ab175d64",
          "title": "9 - Crie uma função para selecionar uma cor na paleta de cores e preencher os pixels no quadro",
          "fullFile": "",
          "file": "",
          "beforeHooks": [],
          "afterHooks": [],
          "tests": [
            {
              "title": "Verifica se somente uma cor da paleta de cores tem a classe `selected` de cada vez",
              "fullTitle": "9 - Crie uma função para selecionar uma cor na paleta de cores e preencher os pixels no quadro Verifica se somente uma cor da paleta de cores tem a classe `selected` de cada vez",
              "timedOut": null,
              "duration": 853,
              "state": "passed",
              "speed": "slow",
              "pass": true,
              "fail": false,
              "pending": false,
              "context": null,
              "code": "cy.get('.color').each(function (selectedColor, selectedColorIndex) {\n  cy.wrap(selectedColor).click();\n  cy.get('.color').each(function (color, colorIndex) {\n    if (colorIndex === selectedColorIndex) {\n      expect(color).to.have[\"class\"]('selected');\n    } else {\n      expect(color).not.to.have[\"class\"]('selected');\n    }\n  });\n});",
              "err": {},
              "uuid": "8132a209-7a1e-49b8-a117-6350336b03a7",
              "parentUUID": "306fd4c2-2ab2-440c-b820-0406ab175d64",
              "isHook": false,
              "skipped": false
            },
            {
              "title": "Verifica se os pixels dentro do quadro não têm a classe `selected` quando são clicados",
              "fullTitle": "9 - Crie uma função para selecionar uma cor na paleta de cores e preencher os pixels no quadro Verifica se os pixels dentro do quadro não têm a classe `selected` quando são clicados",
              "timedOut": null,
              "duration": 9876,
              "state": "passed",
              "speed": "slow",
              "pass": true,
              "fail": false,
              "pending": false,
              "context": null,
              "code": "cy.get('.color').each(function (color) {\n  var backgroundColor = color.css('background-color');\n  cy.wrap(color).click();\n  cy.get('.pixel').each(function (pixel) {\n    cy.wrap(pixel).click().should('not.have.class', 'selected');\n  });\n});",
              "err": {},
              "uuid": "81c2c241-1fd7-4f4f-a782-d218f9c46736",
              "parentUUID": "306fd4c2-2ab2-440c-b820-0406ab175d64",
              "isHook": false,
              "skipped": false
            }
          ],
          "suites": [],
          "passes": [
            "8132a209-7a1e-49b8-a117-6350336b03a7",
            "81c2c241-1fd7-4f4f-a782-d218f9c46736"
          ],
          "failures": [],
          "pending": [],
          "skipped": [],
          "duration": 10729,
          "root": false,
          "rootEmpty": false,
          "_timeout": 2000
        },
        {
          "uuid": "eb5b3926-993b-4b00-96c0-c130ac9a9618",
          "title": "10 - Crie uma função que permita preencher um pixel do quadro com a cor selecionada na paleta de cores",
          "fullFile": "",
          "file": "",
          "beforeHooks": [],
          "afterHooks": [],
          "tests": [
            {
              "title": "Verifica se ao carregar a página deve ser possível pintar os pixels de preto",
              "fullTitle": "10 - Crie uma função que permita preencher um pixel do quadro com a cor selecionada na paleta de cores Verifica se ao carregar a página deve ser possível pintar os pixels de preto",
              "timedOut": null,
              "duration": 2629,
              "state": "passed",
              "speed": "slow",
              "pass": true,
              "fail": false,
              "pending": false,
              "context": null,
              "code": "cy.get('.pixel').each(function (pixel) {\n  cy.wrap(pixel).click().should('have.css', 'background-color', BLACK);\n});",
              "err": {},
              "uuid": "03078017-90dc-4103-a487-5149761480a9",
              "parentUUID": "eb5b3926-993b-4b00-96c0-c130ac9a9618",
              "isHook": false,
              "skipped": false
            },
            {
              "title": "Verifica se após selecionar uma outra cor na paleta, é possível pintar os pixels com essa cor",
              "fullTitle": "10 - Crie uma função que permita preencher um pixel do quadro com a cor selecionada na paleta de cores Verifica se após selecionar uma outra cor na paleta, é possível pintar os pixels com essa cor",
              "timedOut": null,
              "duration": 9677,
              "state": "passed",
              "speed": "slow",
              "pass": true,
              "fail": false,
              "pending": false,
              "context": null,
              "code": "cy.get('.color').each(function (color) {\n  var backgroundColor = color.css('background-color');\n  cy.wrap(color).click();\n  cy.get('.pixel').each(function (pixel) {\n    cy.wrap(pixel).click().should('have.css', 'background-color', backgroundColor);\n  });\n});",
              "err": {},
              "uuid": "66310230-b465-4502-a3bb-5013f324fedc",
              "parentUUID": "eb5b3926-993b-4b00-96c0-c130ac9a9618",
              "isHook": false,
              "skipped": false
            },
            {
              "title": "Verifica se somente o pixel que foi clicado foi preenchido com a cor selecionada, sem influenciar na cor dos demais pixels.",
              "fullTitle": "10 - Crie uma função que permita preencher um pixel do quadro com a cor selecionada na paleta de cores Verifica se somente o pixel que foi clicado foi preenchido com a cor selecionada, sem influenciar na cor dos demais pixels.",
              "timedOut": null,
              "duration": 2391,
              "state": "passed",
              "speed": "slow",
              "pass": true,
              "fail": false,
              "pending": false,
              "context": null,
              "code": "var colorToPixelIndexMap = {\n  0: 6,\n  1: 8,\n  2: 16,\n  3: 18\n};\ncy.get('.color').each(function (color, index) {\n  cy.wrap(color).click();\n  var backgroundColor = color.css('background-color');\n  var clickedPixelIndex = colorToPixelIndexMap[index];\n  cy.get('.pixel').eq(clickedPixelIndex).click();\n  cy.get('.pixel').eq(clickedPixelIndex - 1).should('not.have.css', 'background-color', backgroundColor);\n  cy.get('.pixel').eq(clickedPixelIndex + 1).should('not.have.css', 'background-color', backgroundColor);\n  cy.get('.pixel').eq(clickedPixelIndex - 5).should('not.have.css', 'background-color', backgroundColor);\n  cy.get('.pixel').eq(clickedPixelIndex + 5).should('not.have.css', 'background-color', backgroundColor);\n  cy.get('.pixel').eq(clickedPixelIndex - 6).should('not.have.css', 'background-color', backgroundColor);\n  cy.get('.pixel').eq(clickedPixelIndex - 4).should('not.have.css', 'background-color', backgroundColor);\n  cy.get('.pixel').eq(clickedPixelIndex + 4).should('not.have.css', 'background-color', backgroundColor);\n  cy.get('.pixel').eq(clickedPixelIndex + 6).should('not.have.css', 'background-color', backgroundColor);\n});",
              "err": {},
              "uuid": "675b4a0c-1ab7-40b0-8c77-cc061931e737",
              "parentUUID": "eb5b3926-993b-4b00-96c0-c130ac9a9618",
              "isHook": false,
              "skipped": false
            }
          ],
          "suites": [],
          "passes": [
            "03078017-90dc-4103-a487-5149761480a9",
            "66310230-b465-4502-a3bb-5013f324fedc",
            "675b4a0c-1ab7-40b0-8c77-cc061931e737"
          ],
          "failures": [],
          "pending": [],
          "skipped": [],
          "duration": 14697,
          "root": false,
          "rootEmpty": false,
          "_timeout": 2000
        },
        {
          "uuid": "519c84fe-e9ad-407c-8bd4-0303094ca47b",
          "title": "11 - Crie um botão que, ao ser clicado, limpa o quadro preenchendo a cor de todos seus pixels com branco",
          "fullFile": "",
          "file": "",
          "beforeHooks": [],
          "afterHooks": [],
          "tests": [
            {
              "title": "Verifica se o botão tem o `id` denominado `clear-board`",
              "fullTitle": "11 - Crie um botão que, ao ser clicado, limpa o quadro preenchendo a cor de todos seus pixels com branco Verifica se o botão tem o `id` denominado `clear-board`",
              "timedOut": null,
              "duration": 410,
              "state": "passed",
              "speed": "slow",
              "pass": true,
              "fail": false,
              "pending": false,
              "context": null,
              "code": "cy.get('#clear-board').should('be.visible');",
              "err": {},
              "uuid": "0f3a37db-e0d8-47e1-ac1e-1e10e5b72b7f",
              "parentUUID": "519c84fe-e9ad-407c-8bd4-0303094ca47b",
              "isHook": false,
              "skipped": false
            },
            {
              "title": "Verifica se o botão está posicionado entre a paleta de cores e o quadro de pixels",
              "fullTitle": "11 - Crie um botão que, ao ser clicado, limpa o quadro preenchendo a cor de todos seus pixels com branco Verifica se o botão está posicionado entre a paleta de cores e o quadro de pixels",
              "timedOut": null,
              "duration": 278,
              "state": "passed",
              "speed": "slow",
              "pass": true,
              "fail": false,
              "pending": false,
              "context": null,
              "code": "cy.get('#color-palette').then(function (palette) {\n  cy.get('#clear-board').should('be.belowOf', palette);\n});\ncy.get('#clear-board').then(function (clearBtn) {\n  cy.get('#pixel-board').should('be.belowOf', clearBtn);\n});",
              "err": {},
              "uuid": "4a39a4a6-d3b0-4e84-b4cf-a3ceb289e040",
              "parentUUID": "519c84fe-e9ad-407c-8bd4-0303094ca47b",
              "isHook": false,
              "skipped": false
            },
            {
              "title": "Verifica se o texto do botão é 'Limpar'",
              "fullTitle": "11 - Crie um botão que, ao ser clicado, limpa o quadro preenchendo a cor de todos seus pixels com branco Verifica se o texto do botão é 'Limpar'",
              "timedOut": null,
              "duration": 274,
              "state": "passed",
              "speed": "slow",
              "pass": true,
              "fail": false,
              "pending": false,
              "context": null,
              "code": "cy.get('#clear-board').should('contain.text', 'Limpar');",
              "err": {},
              "uuid": "63206fe2-d217-467f-a5b5-f6bdfcdf0aac",
              "parentUUID": "519c84fe-e9ad-407c-8bd4-0303094ca47b",
              "isHook": false,
              "skipped": false
            },
            {
              "title": "Verifica se ao clicar no botão, o quadro de pixels é totalmente preenchido de branco",
              "fullTitle": "11 - Crie um botão que, ao ser clicado, limpa o quadro preenchendo a cor de todos seus pixels com branco Verifica se ao clicar no botão, o quadro de pixels é totalmente preenchido de branco",
              "timedOut": null,
              "duration": 2738,
              "state": "passed",
              "speed": "slow",
              "pass": true,
              "fail": false,
              "pending": false,
              "context": null,
              "code": "cy.get('.color').eq(1).then(function (color) {\n  var backgroundColor = color.css('background-color');\n  cy.wrap(color).click();\n  cy.get('.pixel').each(function (pixel) {\n    cy.wrap(pixel).click().should('have.css', 'background-color', backgroundColor);\n  });\n});\ncy.get('#clear-board').click();\ncy.get('.pixel').each(function (pixel) {\n  cy.wrap(pixel).should('have.css', 'background-color', WHITE);\n});",
              "err": {},
              "uuid": "5686777d-ebbd-4727-b80a-1fd1ad76a96c",
              "parentUUID": "519c84fe-e9ad-407c-8bd4-0303094ca47b",
              "isHook": false,
              "skipped": false
            }
          ],
          "suites": [],
          "passes": [
            "0f3a37db-e0d8-47e1-ac1e-1e10e5b72b7f",
            "4a39a4a6-d3b0-4e84-b4cf-a3ceb289e040",
            "63206fe2-d217-467f-a5b5-f6bdfcdf0aac",
            "5686777d-ebbd-4727-b80a-1fd1ad76a96c"
          ],
          "failures": [],
          "pending": [],
          "skipped": [],
          "duration": 3700,
          "root": false,
          "rootEmpty": false,
          "_timeout": 2000
        },
        {
          "uuid": "ebabb6a2-57a7-4f36-b8a3-8dac28953f7c",
          "title": "12 - Crie uma função para salvar e recuperar o seu desenho atual no localStorage",
          "fullFile": "",
          "file": "",
          "beforeHooks": [],
          "afterHooks": [],
          "tests": [
            {
              "title": "Os pixels pintados devem ser salvos no localStorage com a chave `pixelBoard`",
              "fullTitle": "12 - Crie uma função para salvar e recuperar o seu desenho atual no localStorage Os pixels pintados devem ser salvos no localStorage com a chave `pixelBoard`",
              "timedOut": null,
              "duration": 583,
              "state": "passed",
              "speed": "slow",
              "pass": true,
              "fail": false,
              "pending": false,
              "context": null,
              "code": "cy.get('.pixel:first').click().then(function () {\n  var pixelboard = localStorage.getItem('pixelBoard');\n  expect(pixelboard).to.not.equal(null);\n});",
              "err": {},
              "uuid": "07a8119e-87fb-40a3-8b01-fcbdeda020ab",
              "parentUUID": "ebabb6a2-57a7-4f36-b8a3-8dac28953f7c",
              "isHook": false,
              "skipped": false
            },
            {
              "title": "O quadro deve ser preenchido com as mesmas cores utilizadas anteriormente, nas posições corretas ao recarregar a página",
              "fullTitle": "12 - Crie uma função para salvar e recuperar o seu desenho atual no localStorage O quadro deve ser preenchido com as mesmas cores utilizadas anteriormente, nas posições corretas ao recarregar a página",
              "timedOut": null,
              "duration": 1436,
              "state": "passed",
              "speed": "slow",
              "pass": true,
              "fail": false,
              "pending": false,
              "context": null,
              "code": "cy.get('.color').each(function (color, index) {\n  if (index === 2) {\n    cy.wrap(color).click();\n    var backgroundColor = color.css('background-color');\n    var clickedPixelsIndex = [2, 7, 10, 11, 12, 13, 14, 17, 22];\n    cy.get('.pixel').each(function (pixel, index) {\n      clickedPixelsIndex.forEach(function (pixelIndex) {\n        if (index === pixelIndex) cy.wrap(pixel).click();\n      });\n    });\n    cy.reload();\n    cy.get('.pixel').each(function (pixel, index) {\n      clickedPixelsIndex.forEach(function (pixelIndex) {\n        if (index === pixelIndex) cy.wrap(pixel).should('have.css', 'background-color', backgroundColor);\n      });\n    });\n  }\n});",
              "err": {},
              "uuid": "13b089b5-7c6e-4126-bc12-77446a3694fe",
              "parentUUID": "ebabb6a2-57a7-4f36-b8a3-8dac28953f7c",
              "isHook": false,
              "skipped": false
            }
          ],
          "suites": [],
          "passes": [
            "07a8119e-87fb-40a3-8b01-fcbdeda020ab",
            "13b089b5-7c6e-4126-bc12-77446a3694fe"
          ],
          "failures": [],
          "pending": [],
          "skipped": [],
          "duration": 2019,
          "root": false,
          "rootEmpty": false,
          "_timeout": 2000
        },
        {
          "uuid": "77349842-7c5c-4684-be76-b0b66c56b336",
          "title": "13 - Crie um input que permita à pessoa usuária preencher um novo tamanho para o quadro de pixels",
          "fullFile": "",
          "file": "",
          "beforeHooks": [],
          "afterHooks": [],
          "tests": [
            {
              "title": "Verifica se existe um input com o id `board-size`",
              "fullTitle": "13 - Crie um input que permita à pessoa usuária preencher um novo tamanho para o quadro de pixels Verifica se existe um input com o id `board-size`",
              "timedOut": null,
              "duration": 290,
              "state": "passed",
              "speed": "slow",
              "pass": true,
              "fail": false,
              "pending": false,
              "context": null,
              "code": "cy.get('#board-size').should('be.visible');",
              "err": {},
              "uuid": "3e6ca597-1992-4323-aea9-2b3e2f430c18",
              "parentUUID": "77349842-7c5c-4684-be76-b0b66c56b336",
              "isHook": false,
              "skipped": false
            },
            {
              "title": "Verifica se existe um botão com o id `generate-board`",
              "fullTitle": "13 - Crie um input que permita à pessoa usuária preencher um novo tamanho para o quadro de pixels Verifica se existe um botão com o id `generate-board`",
              "timedOut": null,
              "duration": 267,
              "state": "passed",
              "speed": "slow",
              "pass": true,
              "fail": false,
              "pending": false,
              "context": null,
              "code": "cy.get('#generate-board').should('be.visible');",
              "err": {},
              "uuid": "0ae9ed7d-620d-4c91-ae49-a020c22c8bd8",
              "parentUUID": "77349842-7c5c-4684-be76-b0b66c56b336",
              "isHook": false,
              "skipped": false
            },
            {
              "title": "Verifica se o input só aceita número maiores que zero. Essa restrição deve ser feita usando os atributos do elemento `input`",
              "fullTitle": "13 - Crie um input que permita à pessoa usuária preencher um novo tamanho para o quadro de pixels Verifica se o input só aceita número maiores que zero. Essa restrição deve ser feita usando os atributos do elemento `input`",
              "timedOut": null,
              "duration": 148,
              "state": "passed",
              "speed": "slow",
              "pass": true,
              "fail": false,
              "pending": false,
              "context": null,
              "code": "cy.get('#board-size[type=\\'number\\'][min=\\'1\\']');",
              "err": {},
              "uuid": "12ed964f-2000-4c7b-9389-f17e84d6be3c",
              "parentUUID": "77349842-7c5c-4684-be76-b0b66c56b336",
              "isHook": false,
              "skipped": false
            },
            {
              "title": "Verifica se o botão contém o texto 'VQV'",
              "fullTitle": "13 - Crie um input que permita à pessoa usuária preencher um novo tamanho para o quadro de pixels Verifica se o botão contém o texto 'VQV'",
              "timedOut": null,
              "duration": 149,
              "state": "passed",
              "speed": "slow",
              "pass": true,
              "fail": false,
              "pending": false,
              "context": null,
              "code": "cy.get('#generate-board').contains(/vqv/i);",
              "err": {},
              "uuid": "90729524-7a03-4430-8a15-4100c01b9afb",
              "parentUUID": "77349842-7c5c-4684-be76-b0b66c56b336",
              "isHook": false,
              "skipped": false
            },
            {
              "title": "Verifica se o input está posicionado entre a paleta de cores e o quadro de pixels",
              "fullTitle": "13 - Crie um input que permita à pessoa usuária preencher um novo tamanho para o quadro de pixels Verifica se o input está posicionado entre a paleta de cores e o quadro de pixels",
              "timedOut": null,
              "duration": 307,
              "state": "passed",
              "speed": "slow",
              "pass": true,
              "fail": false,
              "pending": false,
              "context": null,
              "code": "cy.get('#color-palette').then(function (palette) {\n  cy.get('#board-size').should('be.belowOf', palette);\n});\ncy.get('#board-size').then(function (palette) {\n  cy.get('#pixel-board').should('be.belowOf', palette);\n});",
              "err": {},
              "uuid": "d57efd39-0e86-4df7-940e-1f17da9f6509",
              "parentUUID": "77349842-7c5c-4684-be76-b0b66c56b336",
              "isHook": false,
              "skipped": false
            },
            {
              "title": "O input e o botão com o texto \"VQV\" devem ter o mesmo `parent-node`",
              "fullTitle": "13 - Crie um input que permita à pessoa usuária preencher um novo tamanho para o quadro de pixels O input e o botão com o texto \"VQV\" devem ter o mesmo `parent-node`",
              "timedOut": null,
              "duration": 194,
              "state": "passed",
              "speed": "slow",
              "pass": true,
              "fail": false,
              "pending": false,
              "context": null,
              "code": "cy.get('#board-size').siblings('#generate-board');",
              "err": {},
              "uuid": "88ee5faa-e85c-4b3b-9222-ae5f4908dc42",
              "parentUUID": "77349842-7c5c-4684-be76-b0b66c56b336",
              "isHook": false,
              "skipped": false
            },
            {
              "title": "Verifica se nenhum valor for colocado no input ao clicar no botão, um `alert` é exibido com o texto: 'Board inválido!'",
              "fullTitle": "13 - Crie um input que permita à pessoa usuária preencher um novo tamanho para o quadro de pixels Verifica se nenhum valor for colocado no input ao clicar no botão, um `alert` é exibido com o texto: 'Board inválido!'",
              "timedOut": null,
              "duration": 268,
              "state": "passed",
              "speed": "slow",
              "pass": true,
              "fail": false,
              "pending": false,
              "context": null,
              "code": "var alerted = false;\ncy.on('window:alert', function (msg) {\n  return alerted = msg;\n});\ncy.get('#generate-board').click().then(function () {\n  return expect(alerted).to.match(/Board inválido!/i);\n});",
              "err": {},
              "uuid": "677c4e39-1dc5-406b-b23d-f82d13b0085d",
              "parentUUID": "77349842-7c5c-4684-be76-b0b66c56b336",
              "isHook": false,
              "skipped": false
            },
            {
              "title": "Verifica se ao clicar no botão com um valor preenchido, o tamanho do board muda.",
              "fullTitle": "13 - Crie um input que permita à pessoa usuária preencher um novo tamanho para o quadro de pixels Verifica se ao clicar no botão com um valor preenchido, o tamanho do board muda.",
              "timedOut": null,
              "duration": 865,
              "state": "passed",
              "speed": "slow",
              "pass": true,
              "fail": false,
              "pending": false,
              "context": null,
              "code": "cy.get('#board-size').clear().type(10);\ncy.get('#generate-board').click();\ncy.get('.pixel').should('have.length', 100);",
              "err": {},
              "uuid": "b105f0e4-70da-411b-99a2-bc606c07bb94",
              "parentUUID": "77349842-7c5c-4684-be76-b0b66c56b336",
              "isHook": false,
              "skipped": false
            },
            {
              "title": "Verifica se o novo quadro tem todos os pixels preenchidos com a cor branca",
              "fullTitle": "13 - Crie um input que permita à pessoa usuária preencher um novo tamanho para o quadro de pixels Verifica se o novo quadro tem todos os pixels preenchidos com a cor branca",
              "timedOut": null,
              "duration": 762,
              "state": "passed",
              "speed": "slow",
              "pass": true,
              "fail": false,
              "pending": false,
              "context": null,
              "code": "cy.get('#board-size').clear().type(6);\ncy.get('#generate-board').click();\ncy.get('.pixel').should('have.length', 36).each(function (pixel) {\n  expect(pixel).to.have.css('background-color', WHITE);\n});",
              "err": {},
              "uuid": "79b51d79-8897-4488-952b-6110b64be80f",
              "parentUUID": "77349842-7c5c-4684-be76-b0b66c56b336",
              "isHook": false,
              "skipped": false
            }
          ],
          "suites": [],
          "passes": [
            "3e6ca597-1992-4323-aea9-2b3e2f430c18",
            "0ae9ed7d-620d-4c91-ae49-a020c22c8bd8",
            "12ed964f-2000-4c7b-9389-f17e84d6be3c",
            "90729524-7a03-4430-8a15-4100c01b9afb",
            "d57efd39-0e86-4df7-940e-1f17da9f6509",
            "88ee5faa-e85c-4b3b-9222-ae5f4908dc42",
            "677c4e39-1dc5-406b-b23d-f82d13b0085d",
            "b105f0e4-70da-411b-99a2-bc606c07bb94",
            "79b51d79-8897-4488-952b-6110b64be80f"
          ],
          "failures": [],
          "pending": [],
          "skipped": [],
          "duration": 3250,
          "root": false,
          "rootEmpty": false,
          "_timeout": 2000
        },
        {
          "uuid": "656c67f7-5286-43dd-97fc-5a0f145b87a4",
          "title": "14 - Crie uma função que limite o tamanho mínimo e máximo do quadro de pixels",
          "fullFile": "",
          "file": "",
          "beforeHooks": [],
          "afterHooks": [],
          "tests": [
            {
              "title": "Verifica se a altura máxima do board é 50",
              "fullTitle": "14 - Crie uma função que limite o tamanho mínimo e máximo do quadro de pixels Verifica se a altura máxima do board é 50",
              "timedOut": null,
              "duration": 4480,
              "state": "passed",
              "speed": "slow",
              "pass": true,
              "fail": false,
              "pending": false,
              "context": null,
              "code": "cy.get('#board-size').clear().type(50);\ncy.get('#generate-board').click();\ncy.get('.pixel').should('have.length', 2500);",
              "err": {},
              "uuid": "2200bcfc-4d09-4419-8910-ec60b00bc55e",
              "parentUUID": "656c67f7-5286-43dd-97fc-5a0f145b87a4",
              "isHook": false,
              "skipped": false
            },
            {
              "title": "Verifica se a altura do board é 5 quando um valor menor é colocado no input",
              "fullTitle": "14 - Crie uma função que limite o tamanho mínimo e máximo do quadro de pixels Verifica se a altura do board é 5 quando um valor menor é colocado no input",
              "timedOut": null,
              "duration": 740,
              "state": "passed",
              "speed": "slow",
              "pass": true,
              "fail": false,
              "pending": false,
              "context": null,
              "code": "cy.get('#board-size').clear().type(4);\ncy.get('#generate-board').click();\ncy.get('.pixel').should('have.length', 25);",
              "err": {},
              "uuid": "12db59bb-9771-418b-9018-0f4b5ee7a6f9",
              "parentUUID": "656c67f7-5286-43dd-97fc-5a0f145b87a4",
              "isHook": false,
              "skipped": false
            },
            {
              "title": "Verifica se a altura do board é 50 quando um valor maior é colocado no input",
              "fullTitle": "14 - Crie uma função que limite o tamanho mínimo e máximo do quadro de pixels Verifica se a altura do board é 50 quando um valor maior é colocado no input",
              "timedOut": null,
              "duration": 4154,
              "state": "passed",
              "speed": "slow",
              "pass": true,
              "fail": false,
              "pending": false,
              "context": null,
              "code": "cy.get('#board-size').clear().type(51);\ncy.get('#generate-board').click();\ncy.get('.pixel').should('have.length', 2500);",
              "err": {},
              "uuid": "0b099a09-f549-4bf4-947e-a17d0225e4f9",
              "parentUUID": "656c67f7-5286-43dd-97fc-5a0f145b87a4",
              "isHook": false,
              "skipped": false
            }
          ],
          "suites": [],
          "passes": [
            "2200bcfc-4d09-4419-8910-ec60b00bc55e",
            "12db59bb-9771-418b-9018-0f4b5ee7a6f9",
            "0b099a09-f549-4bf4-947e-a17d0225e4f9"
          ],
          "failures": [],
          "pending": [],
          "skipped": [],
          "duration": 9374,
          "root": false,
          "rootEmpty": false,
          "_timeout": 2000
        },
        {
          "uuid": "51e7c90a-f978-4e8d-a8d7-ac550e32c989",
          "title": "15 - Crie uma função para manter o tamanho novo do board ao recarregar a página",
          "fullFile": "",
          "file": "",
          "beforeHooks": [],
          "afterHooks": [],
          "tests": [
            {
              "title": "O tamanho do board gerado deve ser salvo no localStorage com a chave `boardSize`",
              "fullTitle": "15 - Crie uma função para manter o tamanho novo do board ao recarregar a página O tamanho do board gerado deve ser salvo no localStorage com a chave `boardSize`",
              "timedOut": null,
              "duration": 754,
              "state": "passed",
              "speed": "slow",
              "pass": true,
              "fail": false,
              "pending": false,
              "context": null,
              "code": "cy.get('#board-size').clear().type(6);\ncy.get('#generate-board').click();\ncy.reload().then(function () {\n  var boardSize = JSON.parse(localStorage.getItem('boardSize'));\n  expect(boardSize).to.not.equal(null);\n});",
              "err": {},
              "uuid": "fdcc45f2-a94e-438f-a8f7-7862c3133809",
              "parentUUID": "51e7c90a-f978-4e8d-a8d7-ac550e32c989",
              "isHook": false,
              "skipped": false
            },
            {
              "title": "O quadro deve ter o mesmo tamanho gerado ao recarregar a página.",
              "fullTitle": "15 - Crie uma função para manter o tamanho novo do board ao recarregar a página O quadro deve ter o mesmo tamanho gerado ao recarregar a página.",
              "timedOut": null,
              "duration": 5117,
              "state": "failed",
              "speed": null,
              "pass": false,
              "fail": true,
              "pending": false,
              "context": null,
              "code": "cy.get('#board-size').clear().type(6);\ncy.get('#generate-board').click();\ncy.reload();\ncy.get('.pixel').should('have.length', 36);",
              "err": {
                "message": "CypressError: Timed out retrying: Not enough elements found. Found '25', expected '36'.",
                "estack": "CypressError: Timed out retrying: Not enough elements found. Found '25', expected '36'.\n    at cypressErr (http://localhost:34491/__cypress/runner/cypress_runner.js:149934:9)\n    at throwErr (http://localhost:34491/__cypress/runner/cypress_runner.js:149867:11)\n    at Object.throwErrByPath (http://localhost:34491/__cypress/runner/cypress_runner.js:149915:3)\n    at retry (http://localhost:34491/__cypress/runner/cypress_runner.js:144197:19)\n    at onFailFn (http://localhost:34491/__cypress/runner/cypress_runner.js:132448:16)\n    at tryCatcher (http://localhost:34491/__cypress/runner/cypress_runner.js:167415:23)\n    at Promise._settlePromiseFromHandler (http://localhost:34491/__cypress/runner/cypress_runner.js:165351:31)\n    at Promise._settlePromise (http://localhost:34491/__cypress/runner/cypress_runner.js:165408:18)\n    at Promise._settlePromise0 (http://localhost:34491/__cypress/runner/cypress_runner.js:165453:10)\n    at Promise._settlePromises (http://localhost:34491/__cypress/runner/cypress_runner.js:165528:18)\n    at Async../node_modules/bluebird/js/release/async.js.Async._drainQueue (http://localhost:34491/__cypress/runner/cypress_runner.js:162140:16)\n    at Async../node_modules/bluebird/js/release/async.js.Async._drainQueues (http://localhost:34491/__cypress/runner/cypress_runner.js:162150:10)\n    at Async.drainQueues (http://localhost:34491/__cypress/runner/cypress_runner.js:162024:14)",
                "diff": null
              },
              "uuid": "16ba946c-5645-4dfd-8b1b-d9ee4686ce71",
              "parentUUID": "51e7c90a-f978-4e8d-a8d7-ac550e32c989",
              "isHook": false,
              "skipped": false
            }
          ],
          "suites": [],
          "passes": [
            "fdcc45f2-a94e-438f-a8f7-7862c3133809"
          ],
          "failures": [
            "16ba946c-5645-4dfd-8b1b-d9ee4686ce71"
          ],
          "pending": [],
          "skipped": [],
          "duration": 5871,
          "root": false,
          "rootEmpty": false,
          "_timeout": 2000
        }
      ],
      "passes": [],
      "failures": [],
      "pending": [],
      "skipped": [],
      "duration": 0,
      "root": true,
      "rootEmpty": true,
      "_timeout": 2000
    }
  ],
  "meta": {
    "mocha": {
      "version": "7.0.1"
    },
    "mochawesome": {
      "options": {
        "quiet": false,
        "reportFilename": "mochawesome",
        "saveHtml": false,
        "saveJson": true,
        "consoleReporter": "spec",
        "useInlineDiffs": false
      },
      "version": "4.1.0"
    },
    "marge": {
      "options": {
        "id": "default",
        "reportDir": "cypress/reports",
        "overwrite": true,
        "html": false,
        "json": true
      },
      "version": "4.1.0"
    }
  }
}